#0 building with "default" instance using docker driver

#1 [app-server internal] load build definition from Dockerfile
#1 transferring dockerfile: 1.08kB done
#1 DONE 0.0s

#2 [app-server internal] load .dockerignore
#2 transferring context: 2B done
#2 DONE 0.0s

#3 [app-server internal] load metadata for docker.io/library/openjdk:8-jre-alpine
#3 DONE 1.1s

#4 [app-server internal] load metadata for docker.io/library/openjdk:8-jdk-alpine
#4 DONE 1.1s

#5 [app-server build 1/9] FROM docker.io/library/openjdk:8-jdk-alpine@sha256:94792824df2df33402f201713f932b58cb9de94a0cd524164a0f2283343547b3
#5 DONE 0.0s

#6 [app-server stage-1 1/4] FROM docker.io/library/openjdk:8-jre-alpine@sha256:f362b165b870ef129cbe730f29065ff37399c0aa8bcab3e44b51c302938c9193
#6 CACHED

#7 [app-server internal] load build context
#7 transferring context: 5.29kB done
#7 DONE 0.0s

#8 [app-server build 2/9] WORKDIR /app
#8 CACHED

#9 [app-server build 3/9] COPY mvnw .
#9 CACHED

#10 [app-server build 4/9] COPY .mvn .mvn
#10 CACHED

#11 [app-server build 5/9] COPY pom.xml .
#11 CACHED

#12 [app-server build 6/9] RUN ./mvnw dependency:go-offline -B
#12 0.440 Downloading https://repo1.maven.org/maven2/org/apache/maven/apache-maven/3.5.0/apache-maven-3.5.0-bin.zip
#12 0.451 library initialization failed - unable to allocate file descriptor table - out of memory
#12 ERROR: process "/bin/sh -c ./mvnw dependency:go-offline -B" did not complete successfully: exit code: 139
------
 > [app-server build 6/9] RUN ./mvnw dependency:go-offline -B:
0.451 library initialization failed - unable to allocate file descriptor table - out of memory

0.440 Downloading https://repo1.maven.org/maven2/org/apache/maven/apache-maven/3.5.0/apache-maven-3.5.0-bin.zip
------
